[2025-09-10 15:25:49] 开始安装Homebrew应用...
[2025-09-10 15:25:49] 使用Homebrew路径: /opt/homebrew/bin/brew
[2025-09-10 15:25:49] brew 安装 mac apps...
[2025-09-10 15:25:49] 从文件安装: /Users/allendred/.dotfiles/config/brew/brew-mac.txt
[2025-09-10 15:25:50] 已安装: ack 跳过
[2025-09-10 15:25:51] 已安装: ripgrep 跳过
[2025-09-10 15:25:52] 已安装: fd 跳过
[2025-09-10 15:25:53] 已安装: wget 跳过
[2025-09-10 15:25:53] 已安装: curl 跳过
[2025-09-10 15:25:54] 已安装: ffmpegthumbnailer 跳过
[2025-09-10 15:25:55] 已安装: ffmpeg 跳过
[2025-09-10 15:25:56] 已安装: imagemagick 跳过
[2025-09-10 15:25:57] 已安装: unar 跳过
[2025-09-10 15:25:57] 已安装: jq 跳过
[2025-09-10 15:25:58] 已安装: yq 跳过
[2025-09-10 15:25:59] 已安装: python-argcomplete 跳过
[2025-09-10 15:26:00] 已安装: gh 跳过
[2025-09-10 15:26:00] 已安装: mas 跳过
[2025-09-10 15:26:01] 已安装: zlib 跳过
[2025-09-10 15:26:02] 已安装: coreutils 跳过
[2025-09-10 15:26:03] 已安装: findutils 跳过
[2025-09-10 15:26:03] 已安装: gnupg 跳过
[2025-09-10 15:26:04] 已安装: htop 跳过
[2025-09-10 15:26:05] 已安装: glances 跳过
[2025-09-10 15:26:06] 已安装: nmap 跳过
[2025-09-10 15:26:08] 开始安装: wireshark
[2025-09-10 15:27:41] 成功安装: wireshark
[2025-09-10 15:27:42] 验证安装成功: wireshark
[2025-09-10 15:27:42] brew 安装通用 apps...
[2025-09-10 15:27:42] 从文件安装: /Users/allendred/.dotfiles/config/brew/brew-both.txt
[2025-09-10 15:27:42] 已安装: asdf 跳过
[2025-09-10 15:27:43] 已安装: direnv 跳过
[2025-09-10 15:27:44] 已安装: eza 跳过
[2025-09-10 15:27:45] 已安装: fastfetch 跳过
[2025-09-10 15:27:46] 已安装: fd 跳过
[2025-09-10 15:27:46] 已安装: gcc 跳过
[2025-09-10 15:27:47] 已安装: git-delta 跳过
[2025-09-10 15:27:48] 已安装: git-lfs 跳过
[2025-09-10 15:27:49] 已安装: gnu-sed 跳过
[2025-09-10 15:27:49] 已安装: lazydocker 跳过
[2025-09-10 15:27:50] 已安装: lazygit 跳过
[2025-09-10 15:27:51] 已安装: neovim 跳过
[2025-09-10 15:27:52] 已安装: unzip 跳过
[2025-09-10 15:27:53] 已安装: vim 跳过
[2025-09-10 15:27:54] 已安装: yazi 跳过
[2025-09-10 15:27:54] 已安装: helix 跳过
[2025-09-10 15:27:55] 已安装: zellij 跳过
[2025-09-10 15:27:55] 所有包已安装无需操作
[2025-09-10 15:27:55] Homebrew应用安装完成！
